[    0.000000] Initializing cgroup subsys cpuset
[    0.000000] Initalizing cgroupsubsys cpu
[    0.00000] Initializing cgroup subsys cpuacct
[    0.00000] Linx version 4.4.0-137-generic (buildd@lgw01-amd64-037) (gcc version 5.4.0 20160609 (Uuntu 5.4.0-6ubuntu1~16.04.10) ) #163-Ubuntu SMP Mon Sep 24 13:14:43 UTC 2018 (Ubuntu 4.4.0-137.163-generic 4.4.144)
[    0.000000] Command line: BOOT_IMAGE=/boot/vmlinuz-4.40-137-generic rootLABEL=cloudimg-roots ro console=tty1 console=ttyS0
[    0.000000] KERNEL supported cpus:[    0.00000]   Intel GenuineIntel
[    0.000000]   AMD AuhenticAMD
[    .000000]   Centaur CentaurHauls
[    .000000] x8/fpu: xstte_offset[2]:  576, xstate_sizes[]:  256
[    0.000000] x86/fpu: Supporting XSAVE feature 0x01: 'x87 floating point registers'
[    .000000] x86/fpu: Supporting XSAVE feature 0x02: 'SSE registers'
[    .000000] x86/fpu: Supporting XSAVE feature 0x04: 'AVX registers'
[    .0000000] x86/fpu: Enabled xstate features 0x7, context size is 832 bytes, using 'standard' forma.
[    0.000000] e820: BIOS-provided physical RAM map:
[    0.000000] IOS-e820: [mem 0x0000000000000000-0x000000000009fbff] usable
[    .000000] BIOS-e820: [mem 0x000000000009fc00-0x000000000009ffff] reserved[    0.000000] BIOS-e820: [mem 0x00000000000f0000-0x00000000000fffff] reserved
[    0.000000] BIOS-e820: [mem 0x0000000000100000-0x000000003ffeffff] usable
[    .000000 BIOS-e820: mem 0x000000003fff0000-0x000000003fffffff] ACPI data
[    0.000000] BIOS-e820: [mem x0000000fec00000-0x0000000fec00fff] reserved
[    0.000000] BIOS-e820:[mem 0x00000000fe0000-0x00000000fee00fff] reserved
[    0.000000] BIOS-e820: [mem 0x00000000fffc0000-0x00000000ffffffff] reserved
[    0.000000] NX (Excute Disable) prtecton: active
[    0.000000] SMBIOS 2.5 present.
[    0.000000] Hypervisor detected: KVM
[    0.000000] e820: last_pfn = 0xff max_arcch_pfn = 0x400000000
[    0.000000] MTRR: Disabled
[    0000000] x86/PAT: MTRRs disabled, skipping PT initialization too.
[    0.000000] CPU MTRs all blank - virtualized system.
[    0.000000] x86/PAT: Configuration [0-7]: WB  WT  UC- UC  WB WT  UC- UC  
[    0.00000] found SMP MP-table at [mem 0x0009fff0-0x0009ffff] mapped at [ffff88000009fff0]
[    0.000000] canning 1 areas for low memory corruption
[    .000000] RAMDIK: [mem x36630e000-0x317efff]
[    0.000000] ACPI: Early able checksm verification disabled
[    0.000000] ACPI: RSDP 0x0000000000E0000 000024 (v02 VBOX  )
[    0.000000] ACPI: XSDT 0x000000003FFF0030 00003C (v01 VBOX   VBOXXSDT 00000001 ASL  00000061)
[    0.000000] ACPI: FACP 0x000000003FFF00F0 0000F4 (v04 VBOX   VBOXFACP 00000001 ASL  00000061)
[    0.000000] ACPI: DSDT 0x000000003FF0470 0021FF (v02 VBOX   VBOXBIOS 00000002 INTL 20100528)
[    .000000] ACPI: FACS 0x000000003FFF0200 000040
[    0.000000] API: FACS 0x000000003FFF0200 000040
[    0.000000] ACPI: APICC 0x000000003FFF0240 00005C (v02 VBOX   VBOXAPIC 00000001 ASL  00000061)
[    0.000000] ACPI: SSDT0x000000003FFF02A0 0001CC (v01 VBOX   VBOXCPUT 00000002 INTL 20100528)
[    0.000000] No NUMA cnfiguration found
[    0.00000] Faking a node at mem 0x0000000000000000-0x000000003ffeffff]
[    .000000] NODE_DAA(0) allocated [mem 0x3ffeb000-0x3ffeffff]
[    0.000000] kvm-clock: Usingmsrs 4b564d01 and 4b564d00
[    0.000000] kvm-clock: cpu 0, msr 0:3ff3001, primary cpu clock
[    0.000000] kvm-clock: using sched offset of 4953429067 cycles
[    0.000000] clocksource: kvm-clock: mask: 0xffffffffffffffff max_cycles: 0x1c42e4dffb, max_idle_ns: 881590591483 ns
[    .000000]Zone ranges:
[    0.000000]   DMA     [mem 0x0000000000001000-0x0000000000ffffff]
[    .000000]   DMA32    [mem 0x0000000001000000-0x00000003ffeffff]
[    0.000000]   Normal   empty
[    0.000000]   Device   empty
[    0.000000] Movable zone start for each node
[    0.000000] Early memor node ranges
[    .000000]   node   0: [mem 0x0000000000001000-0x000000000009efff]
[    0000000]   node   0: [mem 0x00000000000100000-0x000000003ffeffff]
[    0.00000] Initmem setup node 0 [mem 0x0000000000001000-0x000000003ffeffff]
    0.000000] ACPI: PM-Timer IO Port: 0x4008
[    0000000] IOAPIC[0]: apic_id 2, version 32, address 0xfec00000, GSI 0-23
[    0.000000] ACPI: INT_SRC_OVR (bus 0 bus_irq 0 global_irq 2 dfl dfl)
[    0.000000] ACPI: INT_SRC_OVR (bus 0 bus_rq 9 global_irq 9 low level)
[    0.000000] Using ACPI (MAD) for SMP configurationinformation
[    0.000000] smpbootAllowing 2 CPUs 0 hotplug CPUs
[    0.000000] PM: Registered nosave memory: [mem 0x00000000-000000fff
[   0.000000] PM:Registered nosave memory: [mem 0x0009f000-0x0009ffff]
[    0.00000] PM: Registered nosave memory: [mem 0x000a0000-0x000effff]
[    .000000] PM: Registered nosave memory: [mem 000f0000-0x000fffff]
[    0.00000] e820: [mem 0x40000000-0xfebfffff] vailable for PCI devices
[    .000000] Booting paravirtualized kernel o KVM
[   0.000000] clocksource: refined-jiffies: mask: 0xffffffff max_cycles: 0xffffffff, max_idle_ns: 7645519600211568 ns
[    0.000000] setup_percuu: NR_CPUS:512 nr_cpumask_bits:512 nr_cpu_ids:2 nr_node_ids:1
[    0.000000] PERCPU: Embedded 34 pages/cpu @ffff88003fc00000 s99608 r8192 d31464 u048576
[    0.000000] PV qspinlock hash table entries: 256 (order: 0, 4096 bytes)
[    0.000000] Built 1 zonelists in Node order, mobity grouping on.  Total pages: 2579122
[    0.00000] Policy zone: DMA32
[    0.000000] Kernel command line: BOOT_IMAGE=/boot/vmlinuz-4.4.0-137-generic root=LABEL=cloudimg-roofs ro console=ty1 conole=ttyS0
[    0.000000] PID hash table entries: 496 (rder: 3,32768 bytes)[    0.000000] Memory: 997716K/1048120K available (8555K kernel code, 1314K rwdata, 4004K rodata, 1528K init, 1316K bss 50404K reserved, 0K cma-reserved)
[    0.00000] SLUB: HWalign=64, Order=0-3, MinObjects=0 CPUs=2, Ndes=1
[    0.000000] Kernel/User page tables isolation: enabled
[    0.000000] Hierarchical RCU implementation.
[    0.000000] 	Build-time adjustment of leaf fanout to 64.
[    0.00000] 	RCUrestricting CPUs from NR_CPUS=512 to nr_cpu_ids=2.
[    0.000000] RCU: Adjusting geometry for rcu_fanout_leaf=64, nr_cpu_is=2
[    .000000] NR_IRQS:33024 nr_irqs:440 16
[    0.000000] Conole: colour VGA+ 80x25
[    0.000000] console [tty1] enabled
[    0.000000] console [ttyS0] enabled
[    0.000000] tsc: Detected 199.999 MHz processor
[    2413719] Calibrating delay loop (skipped) preset value.. 3599.99 BogoMIPS (lpj=7199996)
[    2.445371] pid_max: default: 32768 minimum: 301
[    2.448531] ACPI: Core revision 20150930
[    2.460543] ACPI: 2 ACPI AML tables successfully acquired and loaded
[    2.467715] Security Framework initialized
[    2.491178] Yama: becoming mindful.
[    2.496046] AppArmor: AppArmor initialized
[    2.499159] Dentry cache hash table entries: 131072 (order: 8, 1048576 bytes)
[    2.504258] Inode-cache hash table entries: 65536 (order: 7, 524288 bytes)
[    2.515728] Mount-cache hash table entries: 2048 (order: 2, 16384 bytes)
[    2.518467] Mountpoint-cache hash table entries: 2048 (order: 2, 16384 bytes)
[    2.523989] Initializing cgroup subsys io
[    2.531222] Initializing cgroup subsys memory
[    2.533124] Initializing cgroup subsys devices
[    2.536047] Initializing cgroup subsys freezer
[    2.539118] Initializing cgroup subsys net_cls
[    2.543705] Initializing cgroup subsys perf_event
[    2.551485] Initializing cgroup subsys net_prio
[    2.559074] Initializing cgroup subsys hugetlb
[    2.563889] Initializing cgroup subsys pids
[    2.566710] mce: CPU supports 0 MCE banks
[    2.568229] Last level iTLB entries: 4KB 64, 2MB 8, 4MB 8
[    2.571672] Last level dTLB entries: 4KB 64, 2MB 0, 4MB 0, 1GB 4
[    2.587626] Spectre V2 : Mitigation: Full generic retpoline
[    2.595416] Spectre V2 : Spectre v2 mitigation: Speculation control IBPB not-supported IBRS not-supported
[    2.624199] Spectre V2 : Spectre v2 / SpectreRSB mitigation: Filling RSB on context switch
[    2.640125] Speculative Store Bypass: Vulnerable
[    2.644843] Freeing SMP alternatives memory: 32K
[    2.657221] ftrace: allocating 32265 entries in 127 pages
[    2.720175] smpboot: APIC(0) Converting physical 0 to logical package 0
[    2.730801] smpboot: Max logical packages: 1
[    2.732892] x2apic enabled
[    2.739566] Switched APIC routing to physical x2apic.
[    2.745701] ..TIMER: vector=0x30 apic1=0 pin1=2 apic2=-1 pin2=-1
[    2.859162] smpboot: CPU0: Intel(R) Core(TM) i5-5350U CPU @ 1.80GHz (family: 0x6, model: 0x3d, stepping: 0x4)
[    2.880428] Performance Events: unsupported p6 CPU model 61 no PMU driver, software events only.
[    2.887702] KVM setup paravirtual spinlock
[    2.893445] x86: Booting SMP configuration:
[    2.896280] .... node  #0, CPUs:      #1
[    2.900507] kvm-clock: cpu 1, msr 0:3ffe3041, secondary cpu clock
[    2.903569] mce: CPU supports 0 MCE banks
[    2.906912] x86: Booted up 1 node, 2 CPUs
[    2.918192] smpboot: Total of 2 processors activated (7199.99 BogoMIPS)
[    2.924699] devtmpfs: initialized
[    2.933663] evm: security.selinux
[    2.935660] evm: security.SMACK64
[    2.940426] evm: security.SMACK64EXEC
[    2.942135] evm: security.SMACK64TRANSMUTE
[    2.952095] evm: security.SMACK64MMAP
[    2.953478] evm: security.ima
[    2.956043] evm: security.capability
[    2.961708] clocksource: jiffies: mask: 0xffffffff max_cycles: 0xffffffff, max_idle_ns: 7645041785100000 ns
[    2.972780] futex hash table entries: 512 (order: 3, 32768 bytes)
[    2.976730] pinctrl core: initialized pinctrl subsystem
[    2.988371] RTC time: 15:52:18, date: 10/31/18
[    2.992648] NET: Registered protocol family 16
[    3.003629] cpuidle: using governor ladder
[    3.019894] cpuidle: using governor menu
[    3.022152] PCCT header not found.
[    3.028768] ACPI: bus type PCI registered
[    3.032511] acpiphp: ACPI Hot Plug PCI Controller Driver version: 0.5
[    3.040832] PCI: Using configuration type 1 for base access
[    3.061761] ACPI: Added _OSI(Module Device)
[    3.071912] ACPI: Added _OSI(Processor Device)
[    3.087797] ACPI: Added _OSI(3.0 _SCP Extensions)
[    3.092480] ACPI: Added _OSI(Processor Aggregator Device)
[    3.095691] ACPI: Executed 1 blocks of module-level executable AML code
[    3.101181] ACPI: Interpreter enabled
[    3.103097] ACPI: (supports S0 S5)
[    3.104410] ACPI: Using IOAPIC for interrupt routing
[    3.106819] PCI: Using host bridge windows from ACPI; if necessary, use "pci=nocrs" and report a bug
[    3.121665] ACPI: PCI Root Bridge [PCI0] (domain 0000 [bus 00-ff])
[    3.124221] acpi PNP0A03:00: _OSC: OS supports [ASPM ClockPM Segments MSI]
[    3.126919] acpi PNP0A03:00: _OSC: not requesting OS control; OS requires [ExtendedConfig ASPM ClockPM MSI]
[    3.133544] acpi PNP0A03:00: fail to add MMCONFIG information, can't access extended PCI configuration space under this bridge.
[    3.142890] PCI host bridge to bus 0000:00
[    3.145772] pci_bus 0000:00: root bus resource [io  0x0000-0x0cf7 window]
[    3.161315] pci_bus 0000:00: root bus resource [io  0x0d00-0xffff window]
[    3.165913] pci_bus 0000:00: root bus resource [mem 0x000a0000-0x000bffff window]
[    3.174344] pci_bus 0000:00: root bus resource [mem 0x40000000-0xfdffffff window]
[    3.180521] pci_bus 0000:00: root bus resource [bus 00-ff]
[    3.194360] pci 0000:00:01.1: legacy IDE quirk: reg 0x10: [io  0x01f0-0x01f7]
[    3.210319] pci 0000:00:01.1: legacy IDE quirk: reg 0x14: [io  0x03f6]
[    3.218524] pci 0000:00:01.1: legacy IDE quirk: reg 0x18: [io  0x0170-0x0177]
[    3.225477] pci 0000:00:01.1: legacy IDE quirk: reg 0x1c: [io  0x0376]
[    3.268694] pci 0000:00:07.0: quirk: [io  0x4000-0x403f] claimed by PIIX4 ACPI
[    3.273048] pci 0000:00:07.0: quirk: [io  0x4100-0x410f] claimed by PIIX4 SMB
[    3.286720] ACPI: PCI Interrupt Link [LNKA] (IRQs 5 9 10 *11)
[    3.291656] ACPI: PCI Interrupt Link [LNKB] (IRQs 5 9 *10 11)
[    3.300649] ACPI: PCI Interrupt Link [LNKC] (IRQs 5 *9 10 11)
[    3.306501] ACPI: PCI Interrupt Link [LNKD] (IRQs 5 9 10 *11)
[    3.315442] ACPI: Enabled 2 GPEs in block 00 to 07
[    3.338329] vgaarb: setting as boot device: PCI:0000:00:02.0
[    3.381418] vgaarb: device added: PCI:0000:00:02.0,decodes=io+mem,owns=io+mem,locks=none
[    3.424830] vgaarb: loaded
[    3.434436] vgaarb: bridge control possible 0000:00:02.0
[    3.441004] SCSI subsystem initialized
[    3.444815] ACPI: bus type USB registered
[    3.452084] usbcore: registered new interface driver usbfs
[    3.454104] usbcore: registered new interface driver hub
[    3.461233] usbcore: registered new device driver usb
[    3.471493] PCI: Using ACPI for IRQ routing
[    3.485473] NetLabel: Initializing
[    3.489939] NetLabel:  domain hash size = 128
[    3.497317] NetLabel:  protocols = UNLABELED CIPSOv4
[    3.512380] NetLabel:  unlabeled traffic allowed by default
[    3.514944] amd_nb: Cannot enumerate AMD northbridges
[    3.520793] clocksource: Switched to clocksource kvm-clock
[    3.534806] AppArmor: AppArmor Filesystm Enabed
    3.588217] pnp: PnP ACPI init
[    315775] pnp: PnP ACPI: found 3 devices

[   3.68424] clocksource: acpi_pm: mask: 0xffffff max_cycles: 0xffffff, max_idle_ns: 2085701024 ns
[    3.735203] NET: Registered protocol fmily 2

[    3.761776] TCP established hash tabe entries:8192(ordr: 4, 6536 bytes)
[    .891404] TCP bind hash table entries: 81 (order: 5, 11072bytes)
[    4.019691] TCP: Hash tables configured (established 8192 bind 8192)
[    4.022432] UDP hash table entries: 512 (order: 2, 16384 bytes)
[    4.02480] UP-Lite hash table entries: 512 (order: 2, 16384 bytes)
[    4.088654] NET: Regisered protocol family 
[   4.138803] pci 000:00:00.0: Limiting direct PCI/PCI transfers
[    4.188984] pci 0000:00:01.0: Activating ISA DMA hang workarounds
[    4.192240] Unpacking initramfs...

[    4.492706] Freeing initrd memory: 14788K
[    4.508930] RAPL PMU detected, API unit is 2^-32 Joules, 4 fixed counters 10737418240 ms ovfl timer
[    4.522354] hw unit of domain pp0-core 2^-0 Joules
[    4.526211] hw unit of domain package 2^-0 Joules
[    4.538047] hw unit of domain dram 2^-0 Joules
[    4.545871] hw unit of domain pp1-gpu 2^-0 Joules
[    4.547930] platform rtc_cmos: registered platform RTC device (no PNP device found)
[    4.574552] Scanning for low memory corruption every 60 seconds
[    4.583597] audit: initializing netlink subsys (disabled)
[    4.590286] audit: type=2000 audit(1541001143.667:1): initialized
[    4.599565] Initialise system trusted keyring
[    4.603095] HugeTLB registered 2 MB page size, pre-allocated 0 pages
[    4.615392] zbud: loaded
[    4.630535] VFS: Disk quotas dquot_6.6.0
[    4.638922] VFS: Dquot-cache hash table entries: 512 (order 0, 4096 bytes)
[    4.647178] squashfs: version 4.0 (2009/01/31) Phillip Lougher
[    4.651832] fuse init (API version 7.23)
[    .65813] Key type bi_key registerd
[    4.761047] llocating IMA MOK and blacklist kering.

[    4.840372] Key type asymmetric registered
[    4.845640] Asymmetric key parser 'x509' registered
[    4.854408] Block layer SCSI generic (bsg) driver version 0.4 loaded (major 249)
[    4.863407] io scheduler noop registered
[    4.865294] io scheduler deadline registered (default)
[    4.873067] io scheduler cfq registered
[    4.878962] pci_hotplug: PCI Hot Plug PCI Core version: 0.5
[    4.894071] pciehp: PCI Express Hot Plug Controller Driver version: 0.4
[    4.906249] ACPI: AC Adapter [AC] (off-line)
[    4.918330] input: Power Button as /devices/LNXSYSTM:00/LNXPWRBN:00/input/input0
[    4.934396] ACPI: Power Button [PWRF]
[    4.938514] input: Sleep Button as /devices/LNXSYSTM:00/LNXSLPBN:00/input/input1
[    4.941955] ACPI: Sleep Button [SLPF]
[    4.947344] GHES: HEST is not enabled!
[    4.948770] ACPI: Battery Slot [BAT0] (battery present)
[    4.961709] Serial: 8250/16550 driver, 32 ports, IRQ sharing enabled
[    4.992666] 00:02: ttyS0 at I/O 0x3f8 (irq = 4, base_baud = 115200) is a 16550A
[    5.014293] Linux agpgart interface v0.103
[    5.049779] loop: module loaded
[    5.062381] scsi host0ata_piix

[    5.179147] scsi host1: ata_piix
[    5.181071] a1: PATA max UDMA/33 cmd 0x0 ctl 0x3f6 bmdma 0xd000 irq 14

[    5.325621] ata2: PATA max UDMA/33 cmd 0x170 ctl 0x376 bmdma 0xd008 irq 5

[    5.354540] libphy: Fixed MDIO Bus: probed
[    5.356196] tun: Universal TUN/TAP device driver, 1.6
[    5.358175] tun: (C) 1999-2004 Max Krasnyansky maxk@qualcomm.com>

[    5.385237] PPP generic driver version 2.4.2
[    5.396594] ehci_hcd: USB 2.0 'Enhanced' Host Controller (EHCI) Driver
[    5.405094] ehci-pci: EHCI PCI platform driver
[    5.406936] ehci-platform: EHCI generic platform driver
[    5.409148] ohci_hcd: USB 1.1 'Open' Host Controller (OHCI) Driver
[    5.411986] ohci-pci: OHCI PCI platform driver
[    5.414681] ohci-platform: OHCI generic platform driver
[    5.427121] uhci_hcd: USB Universal Host Controller Interface driver
[    5.431492] i8042: PNP: PS/2 Controller [PNP0303:PS2K,PNP0f03:PS2M] at 0x60,0x64 irq 1,12
[    5.446946] serio: i8042 KBD port at 0x60,0x64 irq 1
[    5.51169] sero: i042 UX port a 0x60,0x64 irq 12

[    5.638699] tsc: Refined TSC clocksource calibration: 800.819 MHz

[    5.667324] clocksource: tsc: mask: 0xffffffffffffffff max_cycles: 0x19f52f20776, max_idle_ns: 440795208831 ns
[    5.667580] mousedev: PS/2 mouse device common for all mice
[    5.668055] rtc_cmos rtc_cmos: rtc core: registered rtc_cmos as rtc0
[    5.668130] rtc_cmos rtc_cmos: alarms up to one day, 114 bytes nvram
[    5.668139] i2c /dev entries driver
[    5.668223] device-mapper: uevent: version 1.0.3
[    5.668289] device-mapper: ioctl: 4.34.0-ioctl (2015-10-28) initialised: dm-devel@redhat.com
[    5.668313] ledtrig-cpu: registered to indicate activity on CPUs
[    5.668689] NET: Registered protocol family 10
[    5.668873] NET: Registered protocol family 17
[    5.668925] Key type dns_resolver registered
[    5.669162] registered taskstats version 1
[    5.669174] Loading compiled-in X.509 certificates
[    5.669820] Loaded X.509 cert 'Build time autogenerated kernel key: 20acc96b50ca7641011eace69d32209215a9b56f'
[    5.669837] zswap: loaded using pool lzo/zbud
[    5.671289] Key type trusted registered
[    5.674004] Key type encrypted registered
[    5.674012] AppArmor: AppArmor sha1 policy hashing enabled
[    5.674014] ima: No TPM chip found, activating TPM-bypass!
[    5.674019] ima: Allocated hash algorithm: sha1
[    5.674033] evm: HMAC attrs: 0x1
[    5.674386]   Magic number: 6:286:893
[    5.681917] rtc_cmos rtc_cmos: setting system clock to 2018-10-31 15:52:21 UTC (1541001141)
[    5.682040] BIOS EDD facility v0.16 2004-Jun-25, 0 devices found
[    5.682040] EDD information not available.
[    5.750590] input: AT Translated Set 2 keyboard as /devices/platform/i8042/serio0/input/input2
[    5.911853] Freeing unused kernel memory: 1528K
[    5.925482] Write protecting the kernel read-only data: 14336k
[    5.941576] Freeing unused kernel memory: 1672K
[    5.947718] Freeing unused kernel memory: 92K
Loading, please wait...
starting version 229
[    5.970407] random: systemd-udevd: uninitialized urandom read (16 bytes read, 5 bits of entropy available)
[    5.971521] random: udevadm: uninitialized urandom read (16 bytes read, 5 bits of entropy available)
[    5.971549] random: udevadm: uninitialized urandom read (16 bytes read, 5 bits of entropy available)
[    5.980469] random: udevadm: uninitialized urandom read (16 bytes read, 5 bits of entropy available)
[    5.980515] random: udevadm: uninitialized urandom read (16 bytes read, 5 bits of entropy available)
[    5.980648] random: udevadm: uninitialized urandom read (16 bytes read, 5 bits of entropy available)
[    5.980698] random: udevadm: uninitialized urandom read (16 bytes read, 5 bits of entropy available)
[    5.980745] random: udevadm: uninitialized urandom read (16 bytes read, 5 bits of entropy available)
[    5.980793] random: udevadm: uninitialized urandom read (16 bytes read, 5 bits of entropy available)
[    5.980907] random: udevadm: uninitialized urandom read (16 bytes read, 5 bits of entropy available)
[    6.100436] e1000: Intel(R) PRO/1000 Network Driver - version 7.3.21-k8-NAPI
[    6.114945] e1000: Copyright (c) 1999-2006 Intel Corporation.
[    6.128990] Fusion MPT base driver 3.04.20
[    6.131797] Copyright (c) 1999-2008 LSI Corporation
[    6.149837] Fusion MPT SPI Host driver 3.04.20
[    6.183234] AVX2 version of gcm_enc/dec engaged.
[    6.188216] AES CTR mode by8 optimization enabled
[    6.347571] input: ImExPS/2 Generic Explorer Mouse as /devices/platform/i8042/serio1/input/input4
[    6.564196] e1000 0000:00:03.0 eth0: (PCI:33MHz:32-bit) 02:28:89:27:00:51
[    6.571359] e1000 0000:00:03.0 eth0: Intel(R) PRO/1000 Network Connection
[    6.585957] e1000 0000:00:03.0 enp0s3: renamed from eth0
[    6.594619] mptbase: ioc0: Initiating bringup
[    6.678394] ioc0: LSI53C1030 A0: Capabilities={Initiator}
[    7.311008] scsi host2: ioc0: LSI53C1030 A0, FwRev=00000000h, Ports=1, MaxQ=256, IRQ=20
[    8.564215] scsi 2:0:0:0: Direct-Access     VBOX     HARDDISK         1.0  PQ: 0 ANSI: 5
[    8.570926] scsi target2:0:0: Beginning Domain Validation
[    8.580504] scsi target2:0:0: Domain Validation skipping write tests
[    8.790593] scsi target2:0:0: Ending Domain Validation
[    8.926092] scsi target2:0:0: asynchronous
[    8.935951] scsi 2:0:1:0: Direct-Access     VBOX     HARDDISK         1.0  PQ: 0 ANSI: 5
[    9.242847] scsi target2:0:1: Beginning Domain Validation
[    9.250110] scsi target2:0:1: Domain Validation skipping write tests
[    9.255772] scsi target2:0:1: Ending Domain Validation
[    9.259276] scsi target2:0:1: asynchronous
[    9.273321] sd 2:0:0:0: Attached scsi generic sg0 type 0
[    9.275369] sd 2:0:1:0: Attached scsi generic sg1 type 0
[    9.275572] sd 2:0:0:0: [sda] 20971520 512-byte logical blocks: (10.7 GB/10.0 GiB)
[    9.279625] sd 2:0:1:0: [sdb] 20480 512-byte logical blocks: (10.5 MB/10.0 MiB)
[    9.282215] sd 2:0:0:0: [sda] Write Protect is off
[    9.284435] sd 2:0:0:0: [sda] Incomplete mode parameter data
[    9.286229] sd 2:0:0:0: [sda] Assuming drive cache: write through
[    9.288541] sd 2:0:1:0: [sdb] Write Protect is off
[    9.290931] sd 2:0:1:0: [sdb] Incomplete mode parameter data
[    9.292909] sd 2:0:1:0: [sdb] Assuming drive cache: write through
[    9.294545]  sda: sda1
[    9.295374] sd 2:0:0:0: [sda] Attached SCSI disk
[    9.305618] sd 2:0:1:0: [sdb] Attached SCSI disk
Begin: Loading essential drivers ... [   10.717504] md: linear personality registered for level -1
[   10.741812] md: multipath personality registered for level -4
[   10.763863] md: raid0 personality registered for level 0
[   10.777789] md: raid1 personality registered for level 1
[   10.860959] raid6: sse2x1   gen()  4890 MB/s
[   10.937437] raid6: sse2x1   xor()  3955 MB/s
[   11.012878] raid6: sse2x2   gen() 10666 MB/s
[   11.081203] raid6: sse2x2   xor()  7048 MB/s
[   11.148997] raid6: sse2x4   gen()  7914 MB/s
[   11.220889] raid6: sse2x4   xor()  4182 MB/s
[   11.297852] raid6: avx2x1   gen() 16832 MB/s
[   11.375110] raid6: avx2x2   gen() 20603 MB/s
[   11.444882] raid6: avx2x4   gen() 21046 MB/s
[   11.455230] raid6: using algorithm avx2x4 gen() 21046 MB/s
[   11.461864] raid6: using avx2x2 recovery algorithm
[   11.471511] xor: automatically using best checksumming function:
[   11.512891]    avx       : 24096.000 MB/sec
[   11.531507] async_tx: api initialized (async)
[   11.544537] md: raid6 personality registered for level 6
[   11.554150] md: raid5 personality registered for level 5
[   11.561299] md: raid4 personality registered for level 4
[   11.576691] md: raid10 personality registered for level 10
done.
Begin: Running /scripts/init-premount ... done.
Begin: Mounting root file system ... Begin: Running /scripts/local-top ... done.
Begin: Running /scripts/local-premount ... [   11.636233] Btrfs loaded
Scanning for Btrfs filesystems
done.
Warning: fsck not present, so skipping root file system
[   11.708275] EXT4-fs (sda1): mounted filesystem with ordered data mode. Opts: (null)
done.
Begin: Running /scripts/local-bottom ... done.
Begin: Running /scripts/init-bottom ... done.
[   11.983001] systemd[1]: systemd 229 running in system mode. (+PAM +AUDIT +SELINUX +IMA +APPARMOR +SMACK +SYSVINIT +UTMP +LIBCRYPTSETUP +GCRYPT +GNUTLS +ACL +XZ -LZ4 +SECCOMP +BLKID +ELFUTILS +KMOD -IDN)
[   12.006609] systemd[1]: Detected virtualization oracle.
[   12.014136] systemd[1]: Detected architecture x86-64.

Welcome to [1mUbuntu 16.04.5 LTS[0m!

[   12.027193] systemd[1]: Set hostname to <ubuntu>.
[   12.046312] systemd[1]: Initializing machine ID from random generator.
[   12.051471] systemd[1]: Installed transient /etc/machine-id file.
[  12.73521] systemd[1]: Listening on udv Control Socket.

[[0;32m  OK  [0m] Listening on udev Control Socket.
[   12.468738 systemd[1]: Listenng on /ev/initctl Compatibility Named Pipe.
[[0;32m  OK  [0m] Listening on /dev/initctl Compatibility Named Pipe.
[   12.578470] systemd1]: Reachedtargt Enrypte Volmes.
[[0;32m  OK  [0m] Reached target Encrypted Volumes.
[   12.90607] sstemd[1]: Reached target Swap.
[[0;32m  OK  [0m] Reached target Swap.
[   12.966016] systemd[1]: Reched taget System Time Synchronized.
[[0;32m  OK  [0m] Reached target System Time Synchronized.
[  13.050670] ysted[1]: Created slice System Slice.
[[0;32m  OK  [0m] Created slice System Slice.
[   13.796757] systemd[1]: Set up automount Arbitrary Executable File Formats File System Automount Point.
[[0;32m  OK  [0m] Set up automount Arbitrary Executab...ats File System Automount Point.
[  13.93056] sytemd[1: Listening n Journl Audi Socket.
[[0;32m  OK  [0m] Listening on Journal Audit Socket.
[   14.18429] sstemd[]: Reaced target User and Group Name Lookups.
[[0;32m  OK  [0m] Reached target User and Group Name Lookups.
[   14.431513] systemd[1]: Started Trigger resolvconf update for networkd DNS.
[[0;32m  OK  [0m] Started Trigger resolvconf update for networkd DNS.
[   14.802771] systemd[1]: Created slice system-serial\x2dgetty.slice.
[[0;32m  OK  [0m] Created slice system-serial\x2dgetty.slice.
[   14.90859] systemd[1]: Listening on LVM2 tadata daemn socket.
[[0;32m  OK  [0m] Listening on LVM2 metadata daemon socket.
[   15.039899]systemd[1]: Started Forward asswor Requess to Wall Directory Watch.
[[0;32m  OK  [0m] Started Forward Password Requests to Wall Directory Watch.
[   15.209833] systemd[1]: Listening on Journal Socket.
[[0;32m  OK  [0m] Listening on Journal Socket.
[   15.245799] systemd[1]: Starting Remount Root and Kernel File Systems...
         Starting Remount Root and Kernel[   15.258245] EXT4-fs (sda1): re-mounted. Opts: (null)
 File Systems...
[   15.287782] systemd[1]: Starting Set console keymap...
         Starting Set console keymap...
[   15.329207] systemd[1]: Starting Load Kernel Modules...
         Starting Load Kernel Modules...
[   15.353592] Loading iSCSI transport class v2.0-870.
[   15.378773] systemd[1]: Starting Nameserver information manager...
         Startin[   15.383269] random: nonblocking pool is initialized
g Nameserver information manager...
[   15.397652] systemd[1]: Starting Create list of required static device nodes for the current kernel...
         Starting Create list of[   15.412866] iscsi: registered transport (tcp)
 required st... nodes for the current kernel...
[   15.426432] systemd[1]: Listening on Device-mapper event daemon FIFOs.
[[0;32m  OK  [0m] Listening on Device-mapper event daemon FIFOs.
[   15.433873] systemd[1]: Starting Monitoring of LVM2 mirrors, snapshots etc. using dmeventd or progress polling...
         Starting Monitoring of LVM2 mirrors... dmeventd or progress polling...
[   15.450034] systemd[1]: Listening on udev Kernel Socket.
[[0;32m  OK  [0m] Listening on udev Kernel Socket.
[   15.486992] systemd[1]: Listening on Journal Socket (/dev/log).
[[0;32m  OK  [0m] Listening on Jou[   15.528667] iscsi: registered transport (iser)
rnal Socket (/dev/log).
[   15.545556] systemd[1]: Mounting Huge Pages File System...
         Mounting Huge Pages File System...
[  15.82563] systemd[1]: Listenig on Syslog Socket.

[[0;32m  OK  [0m] Listening on Syslog Socket.
[   15.713412] systemd[1]: Starting Journal Service...
         Starting Journal Service...
[   15.731915] systemd[1]: Created slice User and Session Slice.
[[0;32m  OK  [0m] Created slice User and Session Slice.
[   15.750441] systemd[1]: Reached target Slices.
[[0;32m  OK  [0m] Reached target Slices.
[   15.789319] systemd[1]: Starting Uncomplicated firewall...
         Starting Uncomplicated firewall...
[   15.809639] systemd[1]: Listening on LVM2 poll daemon socket.
[[0;32m  OK  [0m] Listening on LVM2 poll daemon socket.
[   15.853774] systemd[1]: Mounting POSIX Message Queue File System...
         Mounting POSIX Message Queue File System...
[   15.865824] systemd[1]: Mounting Debug File System...
         Mounting Debug File System...
[   15.909009] systemd[1]: Mounted Debug File System.
[[0;32m  OK  [0m] Mounted Debug File System.
[  15.929562] systemd[1]: Mounted POSIX Message Queue File System.
[[0;32m  OK  [0m] Mounted POSIX Message Queue File System.
[   16.065426] systemd[1]: Mounted Hue Pages File System.
[[0;32m  OK  [0m] Mounted Huge Pages File System. 
[   16.097645] systemd[1]: Started Journal Service.
[[0;32m  OK  [0m] Started Journal Service.
[[0;32m  OK  [0m] Started Remount Root and Kernel File Systems.
[[0;32m  OK  [0m] Started Set console keymap.
[[0;32m  OK  [0m] Started Load Kernel Modules.
[[0;32m  OK  [0m] Started Create list of required sta...ce nodes for the current kernel.
[[0;32m  OK  [0m] Started Uncomplicated firewall.
[[0;32m  OK  [0m] Started Nameserver information manager.
[[0;32m  OK  [0m] Started LVM2 metadata daemon.
         Starting Create Static Device Nodes in /dev...
         Starting Apply Kernel Variables...
         Mounting FUSE Control File System...
         Starting Load/Save Random Seed...
         Starting udev Coldplug all Devices...
         Starting Flush Journal to Persistent Storage...
[[0;32m  OK  [0m] Mounted FUSE Control File System.
[[0;32m  OK  [0m] Started Create Static Device Nodes in /dev.
[[0;32m  OK  [0m] Started Apply Kernel Variables.
[[0;32m  OK  [0m] Started Load/Save Random Seed.
[[0;32m  OK  [0m] Started udev Coldplug all Devices.
[[0;32m  OK  [0m] Started Flush Journal to Persistent Storage.
         Starting udev Kernel Device Manager...
[[0;32m  OK  [0m] Started udev Kernel Device Manager.
[[0;32m  OK  [0m] Started Dispatch Password Requests to Console Directory Watch.
[[0;32m  OK  [0m] Found device /dev/ttyS0.
[[0;32m  OK  [0m] Started Monitoring of LVM2 mirrors,...ng dmeventd or progress polling.
[[0;32m  OK  [0m] Reached target Local File Systems (Pre).
[[0;32m  OK  [0m] Reached target Local File Systems.
         Starting Tell Plymouth To Write Out Runtime Data...
         Starting Set console font and keymap...
         Starting LSB: AppArmor initialization...
         Starting Create Volatile Files and Directories...
         Starting Initial cloud-init job (pre-networking)...
         Starting Commit a transient machine-id on disk...
[[0;32m  OK  [0m] Started Tell Plymouth To Write Out Runtime Data.
[[0;32m  OK  [0m] Started Create Volatile Files and Directories.
[[0;32m  OK  [0m] Started Commit a transient machine-id on disk.
[[0;32m  OK  [0m] Listening on Load/Save RF Kill Switch Status /dev/rfkill Watch.
         Starting Update UTMP about System Boot/Shutdown...
[[0;32m  OK  [0m] Started Update UTMP about System Boot/Shutdown.
[[0;32m  OK  [0m] Started Set console font and keymap.
[[0;32m  OK  [0m] Created slice system-getty.slice.
[[0;32m  OK  [0m] Started LSB: AppArmor initialization.
[   15.987943] cloud-init[622]: Cloud-init v. 18.3-9-g2e62cb8a-0ubuntu1~16.04.2 running 'init-local' at Wed, 31 Oct 2018 15:52:34 +0000. Up 15.62 seconds.
[[0;32m  OK  [0m] Started Initial cloud-init job (pre-networking).
[[0;32m  OK  [0m] Reached target Network (Pre).
         Starting Raise network interfaces...
[[0;32m  OK  [0m] Started Raise network interfaces.
[[0;32m  OK  [0m] Reached target Network.
         Starting Initial cloud-init job (metadata service crawler)...
[   18.037135] cloud-init[920]: Cloud-init v. 18.3-9-g2e62cb8a-0ubuntu1~16.04.2 running 'init' at Wed, 31 Oct 2018 15:52:35 +0000. Up 17.16 seconds.
[   18.042639] cloud-init[920]: ci-info: +++++++++++++++++++++++++++++++++++++Net device info+++++++++++++++++++++++++++++++++++++
[   18.066060] cloud-init[920]: ci-info: +--------+------+--------------------------+---------------+--------+-------------------+
[   18.100836] [[0;32m  OK  [0m] Started Initial cloud-init job (metadata service crawler).
[[0;32m  OK  [0m] Reached target System Initialization.
cloud-init[920]: ci-info: | Device |  Up  |         Address          |      Mask     | Scope  |     Hw-Address    |
[   18.173056] [[0;32m  OK  [0m] Started ACPI Events Check.
[[0;32m  OK  [0m] Reached target Paths.
[[0;32m  OK  [0m] Started Daily apt download activities.
[cloud-init[0;32m  OK  [0m[920]: ] ci-info: +--------+------+--------------------------+---------------+--------+-------------------+Started Daily Cleanup of Temporary Directories.

[   18.231235] cloud-init[920]: ci-info: | enp0s3 | True |        10.0.2.15         | 255.255.255.0 | global | 02:28:89:27:00:51 |
[[0;32m  OK  [0m] Started Daily apt upgrade and clean activities.
[   18.234999] [[0;32m  OK  [0m] Listening on UUID daemon activation socket.
[[0;32m  OK  [0m] Reached target Timers.
cloud-init[920]: ci-info: | enp0s3 | True | fe80::28:89ff:fe27:51/64 |       .       |  link  | 02:28:89:27:00:51 |
[   18.359426]          Starting Socket activation for snappy daemon.
[[0;32m  OK  [0m] Listening on ACPID Listen Socket.
cloud-init[920]: ci-info: |   lo   | True |        127.0.0.1         |   255.0.0.0   |  host  |         .         |
[   18.421527] cloud-init         Starting LXD - unix socket.
[[0;32m  OK  [0m] Listening on D-Bus System Message Bus Socket.
[920]: ci-info: |   lo   | True |         ::1/128          |       .       |  host  |         .         |
[   18.461872] [[0;32m  OK  [0m] Reached target Cloud-config availability.
[[0;32m  OK  [0m] Reached target Network is Online.
cloud-init[920]: ci-info: +--------+------+--------------------------+---------------+--------+-------------------+
[   18.483157] cloud-init[920]: ci-info: +++++++++++++++++++++++++++Route IPv4 info++++++++++++++++++++++++++++
         Starting iSCSI initiator daemon (iscsid)...
[   18.487266] [[0;32m  OK  [0m] Listening on Socket activation for snappy daemon.
[[0;32m  OK  [0m] Listening on LXD - unix socket.
cloud-init[920]: ci-info: +-------+-------------+----------+---------------+-----------+-------+
[   18.522759] cloud-init[920]: ci-info: | Route | Destination | Gateway  |    Genmask    | Interface | Flags |
[   18.546235] cloud-init[920]: ci-info: +-------+-------------+----------+---------------+-----------+-------+
[[0;32m  OK  [0m] Started iSCSI initiator daemon (iscsid).
[   18.548519] cloud-init[920]: ci-info: |   0   |   0.0.0.0   | 10.0.2.2 |    0.0.0.0    |   enp0s3  |   UG  |
         Starting Login to default iSCSI targets...
[[0;32m  OK  [0m] Reached target Sockets.
[[0;32m  OK  [0m] Reached target Basic System.
[   18.616761] cloud-init[920]: ci-info: |   1   |   10.0.2.0  | 0.0.0.0  | 255.255.255.0 |   enp0s3  |   U   |
[   18.664494] [[0;32m  OK  [0m] Started FUSE filesystem for LXC.
cloud-init[920]: ci-info: +-------+-------------+----------+---------------+-----------+-------+
[   18.678617] [[0;32m  OK  [0m] Started D-Bus System Message Bus.
cloud-init[920]: ci-info: +++++++++++++++++++Route IPv6 info+++++++++++++++++++
[   18.691730] cloud-init[920]: ci-info: +-------+-------------+---------+-----------+-------+
[   18.701763] cloud-init[920]: ci-info: | Route | Destination | Gateway | Interface | Flags |
[   18.714080] cloud-init[920]: ci-info: +-------+-------------+---------+-----------+-------+
[   18.729344] cloud-init[920]: ci-info: |   0   |  fe80::/64  |    ::   |   enp0s3  |   U   |
[   18.746445] cloud-init[920]: ci-info: |   3   |   ff00::/8  |    ::   |   enp0s3  |   U   |
[   18.758878] cloud-init[920]: ci-info: +-------+-------------+---------+-----------+-------+
[   18.769442] [[0;32m  OK  [0m] Started Regular background program processing daemon.
         Starting LSB: Record successful boot for GRUB...
         Starting LSB: MD monitoring daemon...
cloud-init[920]: Generating public/private rsa key pair.
[   18.840953]          Starting Login Service...
cloud-init[920]: Your identification has been saved in /etc/ssh/ssh_host_rsa_key.
         Starting Accounts Service...
         Starting LXD - container startup/shutdown...
         Starting System Logging Service...
[[0;32m  OK  [0m] Started Unattended Upgrades Shutdown.
[   18.868977] cloud-init[920]: Your public key has been saved in /etc/ssh/ssh_host_rsa_key.pub.
         Starting Virtualbox guest utils...
[   18.889290] cloud-init[920]: The key fingerprint is:
[   18.898506]          Starting Pollinate to seed the pseudo random number generator...
[[0;32m  OK  [0m] Started Deferred execution scheduler.
[[0;32m  OK  [0m] Started ACPI event daemon.
         Starting /etc/rc.local Compatibility...
cloud-init         Starting Snappy daemon...
[920]: [[0;32m  OK  [0m] Started /etc/rc.local Compatibility.
SHA256:FrLFtXMVqiKfGhJcnBrQ1dwR/HiY44GTbOWFKN5DyOY root@ubuntu-xenial
[   18.944807] cloud-init[920]: The key's randomart image is:
[   19.010988] cloud-init[920]: +---[RSA 2048]----+
[   19.024521] cloud-init[920]: |  .. o.+ +++  o. |
[[0;32m  OK  [0m] Started System Logging Service.
[   19.040897] [[0;32m  OK  [0m] Started LSB: Record successful boot for GRUB.
[[0;32m  OK  [0m] Started LSB: MD monitoring daemon.
cloud-init[920]: |   ...=o=.=..o   |
[   19.059708] cloud-init[920]: |    .+==+=o*o    |
[   19.077335] cloud-init[920]: |   . +E+O.B+o    |
[   19.081451] cloud-init[920]: |    + o.S+.+     |
[   19.088721] [[0;32m  OK  [0m] Started Login to default iSCSI targets.
cloud-init[920]: |     . + o.      |
[   19.100813] cloud-init[920]: |    . . o        |[[0;32m  OK  [0m] Started Login Service.

         Starting Authenticate and Authorize Users to Run Privileged Tasks...
[[0;32m  OK  [0m] Reached target Remote File Systems (Pre).
[[0;32m  OK  [0m] Reached target Remote File Systems.
[   19.139856] cloud-init[920]: |     . o         |
         Starting LSB: Set the CPU Frequency Scaling governor to "ondemand"...
[   19.176469] cloud-init[920]: |      .          |
[   19.190207] cloud-init[920]: +----[SHA256]-----+
[   19.193842] cloud-init[920]: Generating public/private dsa key pair.
[   19.224445]          Starting LSB: automatic crash report generation...
cloud-init[920]: Your identification has been saved in /etc/ssh/ssh_host_dsa_key.
[   19.246447]          Starting Permit User Sessions...
         Starting LSB: daemon to balance interrupts for SMP systems...
cloud-init[920]: Your public key has been saved in /etc/ssh/ssh_host_dsa_key.pub.
[[0;32m  OK  [0m] Started LXD - container startup/shutdown.
[[0;32m  OK  [0m] Started Virtualbox guest utils.
[[   19.258753] [0;32m  OK  [0mcloud-init] [920]: Started Permit User Sessions.The key fingerprint is:

[   19.327097] [cloud-init[0;32m  OK  [0m[920]: ] SHA256:ra2GOztDcDD7GqIgfEt5onOZL+FjkeKIBK9FegI0Grw root@ubuntu-xenialStarted Authenticate and Authorize Users to Run Privileged Tasks.

[   19.424941] [cloud-init[0;32m  OK  [0m[920]: ] The key's randomart image is:Started Snappy daemon.

[   19.425996] [[0;32m  OK  [0m] Started Accounts Service.
cloud-init[920]: +---[DSA 1024]----+
[   19.540958] cloud-init[920]: |.                |
[   19.542090] cloud-init[920]: |.+  o            |
[[0;32m  OK  [0m] Started LSB: Set the CPU Frequency Scaling governor to "ondemand".
[   19.542416] cloud-init[920]: |o.o  +           |
[   19.605600] cloud-init[920]: |+E. o .  .       |
[   19.607005] cloud-init[920]: |++  o+  S .      |
[[0;32m  OK  [0m] Started LSB: automatic crash report generation.
[   19.612538] cloud-init[920]: |=+=O..o  o       |
[   19.657101] cloud-init[920]: |B**.O+ .. .      |
[   19.657931] cloud-init[920]: |=+ X. = ..       |
[   19.661135] cloud-init[920]: |  + +.oB.        |
[   19.665038] cloud-init[920]: +----[SHA256]-----+
[   19.666462] cloud-init[920]: Generating public/private ecdsa key pair.
[[0;32m  OK  [0m] Started Pollinate to seed the pseudo random number generator.
[   19.667727] cloud-init[920]: Your identification has been saved in /etc/ssh/ssh_host_ecdsa_key.
[   19.690945] cloud-init[920]: Your public key has been saved in /etc/ssh/ssh_host_ecdsa_key.pub.
[   19.699819]          Starting OpenBSD Secure Shell server...
         Starting Wait until snapd is fully seeded...
cloud-init         Starting Hold until boot process finishes up...
[920]:          Starting Terminate Plymouth Boot Screen...
[[0;32m  OK  [0m] Started LSB: daemon to balance interrupts for SMP systems.
[[0;32m  OK  [0m] Started Hold until boot process finishes up.
The key fingerprint is:
[[0;32m  OK  [0m] Started Terminate Plymouth Boot Screen.
[   19.735657] cloud-init[920]: SHA256:ejI4wiXHWBlFj4cCSuAygZFiz/N/vE+aHxjO3AZZFlc root@ubuntu-xenial
[   19.763115] cloud-init[920]: The key's randomart image is:
[   19.772955] cloud-init[920]: +---[ECDSA 256]---+
[   19.781794] cloud-init[920]: |*+. .oo    . ..E |
[   19.788768] cloud-init[920]: |*+ . o +    o    |[[0;32m  OK  [0m] Started OpenBSD Secure Shell server.

[   19.807075] cloud-init[920]: |*.o + o o  o     |
         Starting Set console scheme...
[   19.821555] cloud-init[920]: |.. B . .  +      |
[   19.829695] cloud-init[920]: |  o *   S+       |
[   19.832682] cloud-init[920]: | . + o .+ =      |
[[0;32m  OK  [0m] Started Serial Getty on ttyS0.
[   19.832925] cloud-init[920]: |  o o = o= =     |
[   19.889049] cloud-init[920]: |   . . = o= .    |
[   19.896676] cloud-init[920]: |        .++o     |
[   19.899701] cloud-init[920]: +----[SHA256]-----+
[   19.913219] cloud-init[920]: Generating public/private ed25519 key pair.
[[0;32m  OK  [0m] Started Getty on tty1.
[   19.914237] cloud-init[920]: Your identification has been saved in /etc/ssh/ssh_host_ed25519_key.
[   19.953367] cloud-init[920]: Your public key has been saved in /etc/ssh/ssh_host_ed25519_key.pub.
[   19.954217] cloud-init[920]: The key fingerprint is:
[[0;32m  OK  [0m] Reached target Login Prompts.
[[   19.956972] cloud-init[920]: SHA256:kGjSahf94it8yg4HyoS6e43924V4h8oIrTVhSMjPApw root@ubuntu-xenial
[   20.014246] cloud-init[920]: The key's randomart image is:
[0;32m  OK  [0m] Started Set console scheme.
[   20.015031] cloud-init[920]: +--[ED25519 256]--+
[   20.057485] cloud-init[920]: |                 |
[   20.072651] cloud-init[920]: |o... o .         |
[   20.078552] cloud-init[920]: |oEo = +          |
[   20.093281] cloud-init[920]: |o.o= . o         |
[   20.098554] cloud-init[920]: |.o=o+ . S        |
[   20.109566] cloud-init[920]: |+o.= o o o       |
[   20.125535] cloud-init[920]: |o.o== o + o      |
[   20.140977] cloud-init[920]: | .oB=+.= o       |
[   20.157548] cloud-init[920]: |oo..==*..        |
[   20.164632] cloud-init[920]: +----[SHA256]-----+
[[0;32m  OK  [0m] Started Wait until snapd is fully seeded.
[[0;32m  OK  [0m] Reached target Multi-User System.
[[0;32m  OK  [0m] Reached target Graphical Interface.
         Starting Update UTMP about System Runlevel Changes...
         Starting Apply the settings specified in cloud-config...
[[0;32m  OK  [0m] Started Update UTMP about System Runlevel Changes.
[   22.813738] cloud-init[1245]: Generating locales (this might take a while)...
[[0;32m  OK  [0m] Created slice User Slice of vagrant.
         Starting User Manager for UID 1000...
[[0;32m  OK  [0m] Started Session 1 of user vagrant.
[[0;32m  OK  [0m] Started User Manager for UID 1000.
[   24.169760] cloud-init[1245]:   en_US.UTF-8... done
[   24.174769] cloud-init[1245]: Generation complete.
[   24.754785] cloud-init[1245]: Cloud-init v. 18.3-9-g2e62cb8a-0ubuntu1~16.04.2 running 'modules:config' at Wed, 31 Oct 2018 15:52:41 +0000. Up 22.66 seconds.
[[0;32m  OK  [0m] Started Apply the settings specified in cloud-config.
ci-info: no authorized ssh keys fingerprints found for user ubuntu.
<14>Oct 31 15:52:44 ec2: 
<14>Oct 31 15:52:44 ec2: #############################################################
<14>Oct 31 15:52:44 ec2: -----BEGIN SSH HOST KEY FINGERPRINTS-----
<14>Oct 31 15:52:44 ec2: 1024 SHA256:ra2GOztDcDD7GqIgfEt5onOZL+FjkeKIBK9FegI0Grw root@ubuntu-xenial (DSA)
<14>Oct 31 15:52:44 ec2: 256 SHA256:ejI4wiXHWBlFj4cCSuAygZFiz/N/vE+aHxjO3AZZFlc root@ubuntu-xenial (ECDSA)
<14>Oct 31 15:52:44 ec2: 256 SHA256:kGjSahf94it8yg4HyoS6e43924V4h8oIrTVhSMjPApw root@ubuntu-xenial (ED25519)
<14>Oct 31 15:52:44 ec2: 2048 SHA256:FrLFtXMVqiKfGhJcnBrQ1dwR/HiY44GTbOWFKN5DyOY root@ubuntu-xenial (RSA)
<14>Oct 31 15:52:44 ec2: -----END SSH HOST KEY FINGERPRINTS-----
<14>Oct 31 15:52:44 ec2: #############################################################
-----BEGIN SSH HOST KEY KEYS-----
ecdsa-sha2-nistp256 AAAAE2VjZHNhLXNoYTItbmlzdHAyNTYAAAAIbmlzdHAyNTYAAABBBCOuglXb/NbRfns80JVaYZUB5vGRzx6KyiY9bIJ4TV4/8kHq6WC2Yr5TJ2Zm23CaRmgVB2e1YoL/DFHBEZ7qdXo= root@ubuntu-xenial
ssh-ed25519 AAAAC3NzaC1lZDI1NTE5AAAAIMNUgooZoZ+Z0qrfcNO4mfvhMpBSBAjcPTyrtroNBRbY root@ubuntu-xenial
ssh-rsa AAAAB3NzaC1yc2EAAAADAQABAAABAQDaoBngX8Fx1EHqYLh+rg2nHj2SjNEK7nRVU7SaJKVKO8xNzYnC9oumP7UeKDnwHg5wT0+J0BaY/XtUDJ5IgmDjaeUnYg0vMC8iA7rv/uNtgyeyzFQrqfgmj1ipCbf0InEtLlf7wOlpIwEMsMXSPcbmXTpegWTZQKETupi38ov5IDyEn29PiLotJ8VvdAMGvqF9un5dPX1R4zcNdTb8GfGbnC5DNX0ZwGIAD/tqrzZyhdPthJp4SzWAu1jlV4LItmd8kWgIVzIlB6NOCzhWONcjhFC1EqTD33226rV157HVjSXtSuKUDadFGD4FhI4t+XUF5+TwEf+0pfNqVxfWNgR3 root@ubuntu-xenial
-----END SSH HOST KEY KEYS-----
[   25.655889] cloud-init[1413]: Cloud-init v. 18.3-9-g2e62cb8a-0ubuntu1~16.04.2 running 'modules:final' at Wed, 31 Oct 2018 15:52:44 +0000. Up 25.24 seconds.
[   25.656224] cloud-init[1413]: ci-info: no authorized ssh keys fingerprints found for user ubuntu.
[   25.656554] cloud-init[1413]: Cloud-init v. 18.3-9-g2e62cb8a-0ubuntu1~16.04.2 finished at Wed, 31 Oct 2018 15:52:44 +0000. Datasource DataSourceNoCloud [seed=/dev/sdb][dsmode=net].  Up 25.59 seconds

Ubuntu 16.04.5 LTS ubuntu-xenial ttyS0

ubuntu-xenial login: 